OnIosPostProcess - Beginning iOS post-processing.
OnIosPostProcess - Modifying file at /Users/chainchoonoi/Downloads/HunterMusicAR/iOS/Unity-iPhone.xcodeproj/project.pbxproj
OnPostProcessBuild - Processed libstdc++.6.dylib
OnIosPostProcess - Project already contains reference to Accelerate.framework - skipping.
OnPostProcessBuild - Injected PBXBUILDFILE
OnPostProcessBuild - Injected PBXFILEREFERENCE
OnPostProcessBuild - Injected PBXFRAMEWORKSBUILDPHASE
OnPostProcessBuild - Injected PBXGROUP
OnIosPostProcess - Ending iOS post-processing successfully.
OnIosPostProcess - Beginning iOS post-processing.
OnIosPostProcess - WARNING - Attempting to process directory that has already been processed. Skipping.
OnIosPostProcess - Aborted iOS post-processing.
OnIosPostProcess - Beginning iOS post-processing.
OnIosPostProcess - WARNING - Attempting to process directory that has already been processed. Skipping.
OnIosPostProcess - Aborted iOS post-processing.
OnIosPostProcess - Beginning iOS post-processing.
OnIosPostProcess - WARNING - Attempting to process directory that has already been processed. Skipping.
OnIosPostProcess - Aborted iOS post-processing.
OnIosPostProcess - Beginning iOS post-processing.
OnIosPostProcess - WARNING - Attempting to process directory that has already been processed. Skipping.
OnIosPostProcess - Aborted iOS post-processing.
OnIosPostProcess - Beginning iOS post-processing.
OnIosPostProcess - WARNING - Attempting to process directory that has already been processed. Skipping.
OnIosPostProcess - Aborted iOS post-processing.
OnIosPostProcess - Beginning iOS post-processing.
OnIosPostProcess - WARNING - Attempting to process directory that has already been processed. Skipping.
OnIosPostProcess - Aborted iOS post-processing.
OnIosPostProcess - Beginning iOS post-processing.
OnIosPostProcess - WARNING - Attempting to process directory that has already been processed. Skipping.
OnIosPostProcess - Aborted iOS post-processing.
OnIosPostProcess - Beginning iOS post-processing.
OnIosPostProcess - WARNING - Attempting to process directory that has already been processed. Skipping.
OnIosPostProcess - Aborted iOS post-processing.
OnIosPostProcess - Beginning iOS post-processing.
OnIosPostProcess - WARNING - Attempting to process directory that has already been processed. Skipping.
OnIosPostProcess - Aborted iOS post-processing.
OnIosPostProcess - Beginning iOS post-processing.
OnIosPostProcess - WARNING - Attempting to process directory that has already been processed. Skipping.
OnIosPostProcess - Aborted iOS post-processing.
OnIosPostProcess - Beginning iOS post-processing.
OnIosPostProcess - WARNING - Attempting to process directory that has already been processed. Skipping.
OnIosPostProcess - Aborted iOS post-processing.
OnIosPostProcess - Beginning iOS post-processing.
OnIosPostProcess - WARNING - Attempting to process directory that has already been processed. Skipping.
OnIosPostProcess - Aborted iOS post-processing.
OnIosPostProcess - Beginning iOS post-processing.
OnIosPostProcess - WARNING - Attempting to process directory that has already been processed. Skipping.
OnIosPostProcess - Aborted iOS post-processing.
OnIosPostProcess - Beginning iOS post-processing.
OnIosPostProcess - WARNING - Attempting to process directory that has already been processed. Skipping.
OnIosPostProcess - Aborted iOS post-processing.
OnIosPostProcess - Beginning iOS post-processing.
OnIosPostProcess - WARNING - Attempting to process directory that has already been processed. Skipping.
OnIosPostProcess - Aborted iOS post-processing.
